app/build/intermediates/manifest_merge_blame_file/debug/processDebugMainManifest/manifest-merger-blame-debug-report.txt
1<?xml version="1.0" encoding="utf-8"?>
2<manifest xmlns:android="http://schemas.android.com/apk/res/android"
3    package="com.sensorscope"
4    android:versionCode="1"
5    android:versionName="1.0.0" >
6
7    <uses-sdk
8        android:minSdkVersion="26"
9        android:targetSdkVersion="35" />
10
11    <uses-permission
11-->src\main\AndroidManifest.xml:5:5-108
12        android:name="android.permission.WRITE_EXTERNAL_STORAGE"
12-->src\main\AndroidManifest.xml:5:22-78
13        android:maxSdkVersion="28" />
13-->src\main\AndroidManifest.xml:5:79-105
14    <uses-permission android:name="android.permission.USE_BIOMETRIC" />
14-->src\main\AndroidManifest.xml:6:5-72
14-->src\main\AndroidManifest.xml:6:22-69
15
16    <!-- suppress DeprecatedClassUsageInspection -->
17    <uses-permission android:name="android.permission.USE_FINGERPRINT" />
17-->[androidx.biometric:biometric:1.1.0] AndroidManifest.xml:27:5-74
17-->[androidx.biometric:biometric:1.1.0] AndroidManifest.xml:27:22-71
18
19    <permission
19-->[androidx.core:core:1.13.1] AndroidManifest.xml:22:5-24:47
20        android:name="com.sensorscope.DYNAMIC_RECEIVER_NOT_EXPORTED_PERMISSION"
20-->[androidx.core:core:1.13.1] AndroidManifest.xml:23:9-81
21        android:protectionLevel="signature" />
21-->[androidx.core:core:1.13.1] AndroidManifest.xml:24:9-44
22
23    <uses-permission android:name="com.sensorscope.DYNAMIC_RECEIVER_NOT_EXPORTED_PERMISSION" />
23-->[androidx.core:core:1.13.1] AndroidManifest.xml:26:5-97
23-->[androidx.core:core:1.13.1] AndroidManifest.xml:26:22-94
24
25    <application
25-->src\main\AndroidManifest.xml:8:5-38:19
26        android:name="com.sensorscope.SensorScopeApplication"
26-->src\main\AndroidManifest.xml:9:9-47
27        android:allowBackup="true"
27-->src\main\AndroidManifest.xml:10:9-35
28        android:appComponentFactory="androidx.core.app.CoreComponentFactory"
28-->[androidx.core:core:1.13.1] AndroidManifest.xml:28:18-86
29        android:debuggable="true"
30        android:extractNativeLibs="false"
31        android:icon="@mipmap/ic_launcher"
31-->src\main\AndroidManifest.xml:11:9-43
32        android:label="SensorScope"
32-->src\main\AndroidManifest.xml:12:9-36
33        android:roundIcon="@mipmap/ic_launcher_round"
33-->src\main\AndroidManifest.xml:13:9-54
34        android:supportsRtl="true"
34-->src\main\AndroidManifest.xml:14:9-35
35        android:theme="@style/Theme.SensorScope" >
35-->src\main\AndroidManifest.xml:15:9-49
36        <activity
36-->src\main\AndroidManifest.xml:18:9-27:20
37            android:name="com.sensorscope.MainActivity"
37-->src\main\AndroidManifest.xml:19:13-41
38            android:exported="true"
38-->src\main\AndroidManifest.xml:20:13-36
39            android:theme="@style/Theme.SensorScope" >
39-->src\main\AndroidManifest.xml:21:13-53
40            <intent-filter>
40-->src\main\AndroidManifest.xml:22:13-26:29
41                <action android:name="android.intent.action.MAIN" />
41-->src\main\AndroidManifest.xml:23:17-69
41-->src\main\AndroidManifest.xml:23:25-66
42
43                <category android:name="android.intent.category.LAUNCHER" />
43-->src\main\AndroidManifest.xml:25:17-77
43-->src\main\AndroidManifest.xml:25:27-74
44            </intent-filter>
45        </activity>
46
47        <provider
48            android:name="androidx.core.content.FileProvider"
48-->src\main\AndroidManifest.xml:30:13-62
49            android:authorities="com.sensorscope.fileprovider"
49-->src\main\AndroidManifest.xml:31:13-64
50            android:exported="false"
50-->src\main\AndroidManifest.xml:32:13-37
51            android:grantUriPermissions="true" >
51-->src\main\AndroidManifest.xml:33:13-47
52            <meta-data
52-->src\main\AndroidManifest.xml:34:13-36:54
53                android:name="android.support.FILE_PROVIDER_PATHS"
53-->src\main\AndroidManifest.xml:35:17-67
54                android:resource="@xml/file_paths" />
54-->src\main\AndroidManifest.xml:36:17-51
55        </provider>
56
57        <activity
57-->[androidx.compose.ui:ui-tooling-android:1.7.1] AndroidManifest.xml:23:9-25:39
58            android:name="androidx.compose.ui.tooling.PreviewActivity"
58-->[androidx.compose.ui:ui-tooling-android:1.7.1] AndroidManifest.xml:24:13-71
59            android:exported="true" />
59-->[androidx.compose.ui:ui-tooling-android:1.7.1] AndroidManifest.xml:25:13-36
60        <activity
60-->[androidx.compose.ui:ui-test-manifest:1.7.1] AndroidManifest.xml:23:9-25:39
61            android:name="androidx.activity.ComponentActivity"
61-->[androidx.compose.ui:ui-test-manifest:1.7.1] AndroidManifest.xml:24:13-63
62            android:exported="true" />
62-->[androidx.compose.ui:ui-test-manifest:1.7.1] AndroidManifest.xml:25:13-36
63
64        <provider
64-->[androidx.lifecycle:lifecycle-process:2.8.5] AndroidManifest.xml:24:9-32:20
65            android:name="androidx.startup.InitializationProvider"
65-->[androidx.lifecycle:lifecycle-process:2.8.5] AndroidManifest.xml:25:13-67
66            android:authorities="com.sensorscope.androidx-startup"
66-->[androidx.lifecycle:lifecycle-process:2.8.5] AndroidManifest.xml:26:13-68
67            android:exported="false" >
67-->[androidx.lifecycle:lifecycle-process:2.8.5] AndroidManifest.xml:27:13-37
68            <meta-data
68-->[androidx.lifecycle:lifecycle-process:2.8.5] AndroidManifest.xml:29:13-31:52
69                android:name="androidx.lifecycle.ProcessLifecycleInitializer"
69-->[androidx.lifecycle:lifecycle-process:2.8.5] AndroidManifest.xml:30:17-78
70                android:value="androidx.startup" />
70-->[androidx.lifecycle:lifecycle-process:2.8.5] AndroidManifest.xml:31:17-49
71            <meta-data
71-->[androidx.emoji2:emoji2:1.3.0] AndroidManifest.xml:29:13-31:52
72                android:name="androidx.emoji2.text.EmojiCompatInitializer"
72-->[androidx.emoji2:emoji2:1.3.0] AndroidManifest.xml:30:17-75
73                android:value="androidx.startup" />
73-->[androidx.emoji2:emoji2:1.3.0] AndroidManifest.xml:31:17-49
74            <meta-data
74-->[androidx.profileinstaller:profileinstaller:1.3.1] AndroidManifest.xml:29:13-31:52
75                android:name="androidx.profileinstaller.ProfileInstallerInitializer"
75-->[androidx.profileinstaller:profileinstaller:1.3.1] AndroidManifest.xml:30:17-85
76                android:value="androidx.startup" />
76-->[androidx.profileinstaller:profileinstaller:1.3.1] AndroidManifest.xml:31:17-49
77        </provider>
78
79        <service
79-->[androidx.room:room-runtime:2.6.1] AndroidManifest.xml:24:9-28:63
80            android:name="androidx.room.MultiInstanceInvalidationService"
80-->[androidx.room:room-runtime:2.6.1] AndroidManifest.xml:25:13-74
81            android:directBootAware="true"
81-->[androidx.room:room-runtime:2.6.1] AndroidManifest.xml:26:13-43
82            android:exported="false" />
82-->[androidx.room:room-runtime:2.6.1] AndroidManifest.xml:27:13-37
83
84        <receiver
84-->[androidx.profileinstaller:profileinstaller:1.3.1] AndroidManifest.xml:34:9-52:20
85            android:name="androidx.profileinstaller.ProfileInstallReceiver"
85-->[androidx.profileinstaller:profileinstaller:1.3.1] AndroidManifest.xml:35:13-76
86            android:directBootAware="false"
86-->[androidx.profileinstaller:profileinstaller:1.3.1] AndroidManifest.xml:36:13-44
87            android:enabled="true"
87-->[androidx.profileinstaller:profileinstaller:1.3.1] AndroidManifest.xml:37:13-35
88            android:exported="true"
88-->[androidx.profileinstaller:profileinstaller:1.3.1] AndroidManifest.xml:38:13-36
89            android:permission="android.permission.DUMP" >
89-->[androidx.profileinstaller:profileinstaller:1.3.1] AndroidManifest.xml:39:13-57
90            <intent-filter>
90-->[androidx.profileinstaller:profileinstaller:1.3.1] AndroidManifest.xml:40:13-42:29
91                <action android:name="androidx.profileinstaller.action.INSTALL_PROFILE" />
91-->[androidx.profileinstaller:profileinstaller:1.3.1] AndroidManifest.xml:41:17-91
91-->[androidx.profileinstaller:profileinstaller:1.3.1] AndroidManifest.xml:41:25-88
92            </intent-filter>
93            <intent-filter>
93-->[androidx.profileinstaller:profileinstaller:1.3.1] AndroidManifest.xml:43:13-45:29
94                <action android:name="androidx.profileinstaller.action.SKIP_FILE" />
94-->[androidx.profileinstaller:profileinstaller:1.3.1] AndroidManifest.xml:44:17-85
94-->[androidx.profileinstaller:profileinstaller:1.3.1] AndroidManifest.xml:44:25-82
95            </intent-filter>
96            <intent-filter>
96-->[androidx.profileinstaller:profileinstaller:1.3.1] AndroidManifest.xml:46:13-48:29
97                <action android:name="androidx.profileinstaller.action.SAVE_PROFILE" />
97-->[androidx.profileinstaller:profileinstaller:1.3.1] AndroidManifest.xml:47:17-88
97-->[androidx.profileinstaller:profileinstaller:1.3.1] AndroidManifest.xml:47:25-85
98            </intent-filter>
99            <intent-filter>
99-->[androidx.profileinstaller:profileinstaller:1.3.1] AndroidManifest.xml:49:13-51:29
100                <action android:name="androidx.profileinstaller.action.BENCHMARK_OPERATION" />
100-->[androidx.profileinstaller:profileinstaller:1.3.1] AndroidManifest.xml:50:17-95
100-->[androidx.profileinstaller:profileinstaller:1.3.1] AndroidManifest.xml:50:25-92
101            </intent-filter>
102        </receiver>
103    </application>
104
105</manifest>